INFO: 2021-12-29 12:45:39,260: Feature Selection
INFO: 2021-12-29 12:45:39,284: Features ['age', 'TSH', 'TT4', 'FTI', 'on_thyroxine', 'on_antithyroid_medication', 'I131_treatment', 'query_hypothyroid', 'goitre', 'psych']
INFO: 2021-12-29 12:47:18,130: Traininig Random Forest Model
INFO: 2021-12-29 12:47:18,266: Train Result:
===============
Accuracy Score:99.85%
---------------------------------
Classification Report:
                     0            1            2       3  accuracy  \
precision     0.995436     1.000000     0.998474     1.0  0.998472   
recall        1.000000     0.993887     1.000000     1.0  0.998472   
f1-score      0.997713     0.996934     0.999236     1.0  0.998472   
support    1963.000000  1963.000000  1963.000000  1963.0  0.998472   

             macro avg  weighted avg  
precision     0.998478      0.998478  
recall        0.998472      0.998472  
f1-score      0.998471      0.998471  
support    7852.000000   7852.000000  
-----------------------------------
Confusion Matrix:
[[1963    0    0    0]
 [   9 1951    3    0]
 [   0    0 1963    0]
 [   0    0    0 1963]]

INFO: 2021-12-29 12:47:18,444: Test Result:
===============
Accuracy Score:97.83%
---------------------------------
Classification Report:
                    0           1           2    3  accuracy    macro avg  \
precision    0.942529    1.000000    1.000000  0.0   0.97832     0.735632   
recall       1.000000    0.987805    0.947154  0.0   0.97832     0.733740   
f1-score     0.970414    0.993865    0.972860  0.0   0.97832     0.734285   
support    492.000000  492.000000  492.000000  0.0   0.97832  1476.000000   

           weighted avg  
precision      0.980843  
recall         0.978320  
f1-score       0.979046  
support     1476.000000  
---------------------------------
Confusion Matrix:
[[492   0   0   0]
 [  4 486   0   2]
 [ 26   0 466   0]
 [  0   0   0   0]]

INFO: 2021-12-29 12:47:28,443: Train Result:
===============
Accuracy Score:100.00%
---------------------------------
Classification Report:
                0       1       2       3  accuracy  macro avg  weighted avg
precision     1.0     1.0     1.0     1.0       1.0        1.0           1.0
recall        1.0     1.0     1.0     1.0       1.0        1.0           1.0
f1-score      1.0     1.0     1.0     1.0       1.0        1.0           1.0
support    1963.0  1963.0  1963.0  1963.0       1.0     7852.0        7852.0
-----------------------------------
Confusion Matrix:
[[1963    0    0    0]
 [   0 1963    0    0]
 [   0    0 1963    0]
 [   0    0    0 1963]]

INFO: 2021-12-29 12:47:28,523: Test Result:
===============
Accuracy Score:98.10%
---------------------------------
Classification Report:
                    0           1           2  accuracy    macro avg  \
precision    0.946154    1.000000    1.000000   0.98103     0.982051   
recall       1.000000    0.995935    0.947154   0.98103     0.981030   
f1-score     0.972332    0.997963    0.972860   0.98103     0.981052   
support    492.000000  492.000000  492.000000   0.98103  1476.000000   

           weighted avg  
precision      0.982051  
recall         0.981030  
f1-score       0.981052  
support     1476.000000  
---------------------------------
Confusion Matrix:
[[492   0   0]
 [  2 490   0]
 [ 26   0 466]]

INFO: 2021-12-29 12:54:35,807: Use Randomized Search CV
INFO: 2021-12-29 12:54:35,827: RandomForestClassifier(criterion='entropy', max_depth=560, max_features='sqrt',
                       min_samples_split=9, n_estimators=400)
INFO: 2021-12-29 12:54:35,875: Result with best estimetors
INFO: 2021-12-29 12:54:36,067: Test Result:
===============
Accuracy Score:98.04%
---------------------------------
Classification Report:
                    0           1           2  accuracy    macro avg  \
precision    0.944338    1.000000    1.000000  0.980352     0.981446   
recall       1.000000    0.995935    0.945122  0.980352     0.980352   
f1-score     0.971372    0.997963    0.971787  0.980352     0.980374   
support    492.000000  492.000000  492.000000  0.980352  1476.000000   

           weighted avg  
precision      0.981446  
recall         0.980352  
f1-score       0.980374  
support     1476.000000  
---------------------------------
Confusion Matrix:
[[492   0   0]
 [  2 490   0]
 [ 27   0 465]]

INFO: 2021-12-29 13:14:37,355: Parameter Grid: {'criterion': ['entropy'], 'max_depth': [560], 'max_features': ['sqrt'], 'min_samples_leaf': [1, 3, 5], 'min_samples_split': [7, 8, 9, 10, 11], 'n_estimators': [200, 300, 400, 500, 600]}
INFO: 2021-12-29 14:17:08,914: Grid Search CV: 
INFO: 2021-12-29 14:30:04,881: Best Grid: RandomForestClassifier(criterion='entropy', max_depth=560, max_features='sqrt',
                       min_samples_split=7, n_estimators=400)
INFO: 2021-12-29 14:30:06,339: Result with Best Grid: 
INFO: 2021-12-29 14:30:06,546: Test Result:
===============
Accuracy Score:97.97%
---------------------------------
Classification Report:
                    0           1           2  accuracy    macro avg  \
precision    0.942529    1.000000    1.000000  0.979675     0.980843   
recall       1.000000    0.995935    0.943089  0.979675     0.979675   
f1-score     0.970414    0.997963    0.970711  0.979675     0.979696   
support    492.000000  492.000000  492.000000  0.979675  1476.000000   

           weighted avg  
precision      0.980843  
recall         0.979675  
f1-score       0.979696  
support     1476.000000  
---------------------------------
Confusion Matrix:
[[492   0   0]
 [  2 490   0]
 [ 28   0 464]]

INFO: 2021-12-29 14:30:17,211: Random Forest Model with Grid Search Saved in Pickle
INFO: 2021-12-29 14:42:22,063: Feature Selection
INFO: 2021-12-29 14:42:22,193: Features ['TSH', 'TT4', 'FTI', 'on_thyroxine', 'query_on_thyroxine', 'pregnant', 'goitre', 'psych', 'T3_measured', 'referral_source']
INFO: 2021-12-29 14:42:22,922: Traininig Random Forest Model
INFO: 2021-12-29 14:42:23,074: Train Result:
===============
Accuracy Score:99.73%
---------------------------------
Classification Report:
                     0            1            2       3  accuracy  \
precision     0.990914     1.000000     0.998474     1.0  0.997326   
recall        1.000000     0.989302     1.000000     1.0  0.997326   
f1-score      0.995436     0.994622     0.999236     1.0  0.997326   
support    1963.000000  1963.000000  1963.000000  1963.0  0.997326   

             macro avg  weighted avg  
precision     0.997347      0.997347  
recall        0.997326      0.997326  
f1-score      0.997324      0.997324  
support    7852.000000   7852.000000  
-----------------------------------
Confusion Matrix:
[[1963    0    0    0]
 [  18 1942    3    0]
 [   0    0 1963    0]
 [   0    0    0 1963]]

INFO: 2021-12-29 14:42:23,266: Test Result:
===============
Accuracy Score:97.63%
---------------------------------
Classification Report:
                    0           1           2    3  accuracy    macro avg  \
precision    0.935361    1.000000    1.000000  0.0  0.976287     0.733840   
recall       1.000000    0.985772    0.943089  0.0  0.976287     0.732215   
f1-score     0.966601    0.992835    0.970711  0.0  0.976287     0.732537   
support    492.000000  492.000000  492.000000  0.0  0.976287  1476.000000   

           weighted avg  
precision      0.978454  
recall         0.976287  
f1-score       0.976716  
support     1476.000000  
---------------------------------
Confusion Matrix:
[[492   0   0   0]
 [  6 485   0   1]
 [ 28   0 464   0]
 [  0   0   0   0]]

INFO: 2021-12-29 14:42:24,480: Train Result:
===============
Accuracy Score:100.00%
---------------------------------
Classification Report:
                0       1       2       3  accuracy  macro avg  weighted avg
precision     1.0     1.0     1.0     1.0       1.0        1.0           1.0
recall        1.0     1.0     1.0     1.0       1.0        1.0           1.0
f1-score      1.0     1.0     1.0     1.0       1.0        1.0           1.0
support    1963.0  1963.0  1963.0  1963.0       1.0     7852.0        7852.0
-----------------------------------
Confusion Matrix:
[[1963    0    0    0]
 [   0 1963    0    0]
 [   0    0 1963    0]
 [   0    0    0 1963]]

INFO: 2021-12-29 14:42:24,580: Test Result:
===============
Accuracy Score:98.10%
---------------------------------
Classification Report:
                    0           1           2  accuracy    macro avg  \
precision    0.946154    1.000000    1.000000   0.98103     0.982051   
recall       1.000000    0.995935    0.947154   0.98103     0.981030   
f1-score     0.972332    0.997963    0.972860   0.98103     0.981052   
support    492.000000  492.000000  492.000000   0.98103  1476.000000   

           weighted avg  
precision      0.982051  
recall         0.981030  
f1-score       0.981052  
support     1476.000000  
---------------------------------
Confusion Matrix:
[[492   0   0]
 [  2 490   0]
 [ 26   0 466]]

INFO: 2021-12-29 14:49:28,879: Use Randomized Search CV
INFO: 2021-12-29 14:49:28,895: RandomForestClassifier(criterion='entropy', max_depth=560, max_features='sqrt',
                       min_samples_split=9, n_estimators=400)
INFO: 2021-12-29 14:49:29,009: Result with best estimetors
INFO: 2021-12-29 14:49:29,201: Test Result:
===============
Accuracy Score:97.97%
---------------------------------
Classification Report:
                    0           1           2  accuracy    macro avg  \
precision    0.942529    1.000000    1.000000  0.979675     0.980843   
recall       1.000000    0.995935    0.943089  0.979675     0.979675   
f1-score     0.970414    0.997963    0.970711  0.979675     0.979696   
support    492.000000  492.000000  492.000000  0.979675  1476.000000   

           weighted avg  
precision      0.980843  
recall         0.979675  
f1-score       0.979696  
support     1476.000000  
---------------------------------
Confusion Matrix:
[[492   0   0]
 [  2 490   0]
 [ 28   0 464]]

INFO: 2021-12-29 14:49:29,245: Parameter Grid: {'criterion': ['entropy'], 'max_depth': [560], 'max_features': ['sqrt'], 'min_samples_leaf': [1, 3, 5], 'min_samples_split': [7, 8, 9, 10, 11], 'n_estimators': [200, 300, 400, 500, 600]}
INFO: 2021-12-29 16:02:02,281: Grid Search CV: 
INFO: 2021-12-29 16:02:02,311: Best Grid: RandomForestClassifier(criterion='entropy', max_depth=560, max_features='sqrt',
                       min_samples_split=7, n_estimators=500)
INFO: 2021-12-29 16:02:02,342: Result with Best Grid: 
INFO: 2021-12-29 16:02:02,596: Test Result:
===============
Accuracy Score:98.10%
---------------------------------
Classification Report:
                    0           1           2  accuracy    macro avg  \
precision    0.946154    1.000000    1.000000   0.98103     0.982051   
recall       1.000000    0.995935    0.947154   0.98103     0.981030   
f1-score     0.972332    0.997963    0.972860   0.98103     0.981052   
support    492.000000  492.000000  492.000000   0.98103  1476.000000   

           weighted avg  
precision      0.982051  
recall         0.981030  
f1-score       0.981052  
support     1476.000000  
---------------------------------
Confusion Matrix:
[[492   0   0]
 [  2 490   0]
 [ 26   0 466]]

INFO: 2021-12-29 16:02:02,667: Random Forest Model with Grid Search Saved in Pickle
INFO: 2025-04-23 19:22:53,652: Feature Selection
INFO: 2025-04-23 19:23:11,150: Features ['age', 'TSH', 'TT4', 'FTI', 'on_thyroxine', 'pregnant', 'query_hypothyroid', 'lithium', 'FTI_measured', 'TBG_measured']
INFO: 2025-04-23 19:23:15,294: Traininig Random Forest Model
INFO: 2025-04-23 19:23:15,416: Train Result:
===============
Accuracy Score:99.82%
---------------------------------
Classification Report:
                     0            1            2       3  accuracy  \
precision     0.994428     1.000000     0.998474     1.0  0.998217   
recall        1.000000     0.992868     1.000000     1.0  0.998217   
f1-score      0.997206     0.996421     0.999236     1.0  0.998217   
support    1963.000000  1963.000000  1963.000000  1963.0  0.998217   

             macro avg  weighted avg  
precision     0.998225      0.998225  
recall        0.998217      0.998217  
f1-score      0.998216      0.998216  
support    7852.000000   7852.000000  
-----------------------------------
Confusion Matrix:
[[1963    0    0    0]
 [  11 1949    3    0]
 [   0    0 1963    0]
 [   0    0    0 1963]]

INFO: 2025-04-23 19:23:15,445: Test Result:
===============
Accuracy Score:97.76%
---------------------------------
Classification Report:
                    0           1           2  accuracy    macro avg  \
precision    0.937143    1.000000    1.000000  0.977642     0.979048   
recall       1.000000    0.989837    0.943089  0.977642     0.977642   
f1-score     0.967552    0.994893    0.970711  0.977642     0.977719   
support    492.000000  492.000000  492.000000  0.977642  1476.000000   

           weighted avg  
precision      0.979048  
recall         0.977642  
f1-score       0.977719  
support     1476.000000  
---------------------------------
Confusion Matrix:
[[492   0   0]
 [  5 487   0]
 [ 28   0 464]]

INFO: 2025-04-23 19:23:17,571: Train Result:
===============
Accuracy Score:100.00%
---------------------------------
Classification Report:
                0       1       2       3  accuracy  macro avg  weighted avg
precision     1.0     1.0     1.0     1.0       1.0        1.0           1.0
recall        1.0     1.0     1.0     1.0       1.0        1.0           1.0
f1-score      1.0     1.0     1.0     1.0       1.0        1.0           1.0
support    1963.0  1963.0  1963.0  1963.0       1.0     7852.0        7852.0
-----------------------------------
Confusion Matrix:
[[1963    0    0    0]
 [   0 1963    0    0]
 [   0    0 1963    0]
 [   0    0    0 1963]]

INFO: 2025-04-23 19:23:17,601: Test Result:
===============
Accuracy Score:98.10%
---------------------------------
Classification Report:
                    0           1           2  accuracy    macro avg  \
precision    0.946154    1.000000    1.000000   0.98103     0.982051   
recall       1.000000    0.995935    0.947154   0.98103     0.981030   
f1-score     0.972332    0.997963    0.972860   0.98103     0.981052   
support    492.000000  492.000000  492.000000   0.98103  1476.000000   

           weighted avg  
precision      0.982051  
recall         0.981030  
f1-score       0.981052  
support     1476.000000  
---------------------------------
Confusion Matrix:
[[492   0   0]
 [  2 490   0]
 [ 26   0 466]]

INFO: 2025-04-23 19:31:03,319: Use Randomized Search CV
INFO: 2025-04-23 19:40:08,825: RandomForestClassifier(criterion='entropy', max_depth=780, max_features='log2',
                       min_samples_split=4, n_estimators=400)
INFO: 2025-04-23 19:40:10,653: Result with best estimetors
INFO: 2025-04-23 19:40:10,775: Test Result:
===============
Accuracy Score:98.10%
---------------------------------
Classification Report:
                    0           1           2  accuracy    macro avg  \
precision    0.946154    1.000000    1.000000   0.98103     0.982051   
recall       1.000000    0.995935    0.947154   0.98103     0.981030   
f1-score     0.972332    0.997963    0.972860   0.98103     0.981052   
support    492.000000  492.000000  492.000000   0.98103  1476.000000   

           weighted avg  
precision      0.982051  
recall         0.981030  
f1-score       0.981052  
support     1476.000000  
---------------------------------
Confusion Matrix:
[[492   0   0]
 [  2 490   0]
 [ 26   0 466]]

INFO: 2025-04-23 19:40:13,367: Parameter Grid: {'criterion': ['entropy'], 'max_depth': [780], 'max_features': ['log2'], 'min_samples_leaf': [1, 3, 5], 'min_samples_split': [2, 3, 4, 5, 6], 'n_estimators': [200, 300, 400, 500, 600]}
INFO: 2025-04-23 20:23:49,502: Grid Search CV: 
INFO: 2025-04-23 20:24:42,496: Best Grid: RandomForestClassifier(criterion='entropy', max_depth=780, max_features='log2',
                       min_samples_split=4, n_estimators=300)
INFO: 2025-04-23 20:24:46,018: Result with Best Grid: 
INFO: 2025-04-23 20:24:46,096: Test Result:
===============
Accuracy Score:97.97%
---------------------------------
Classification Report:
                    0           1           2  accuracy    macro avg  \
precision    0.942529    1.000000    1.000000  0.979675     0.980843   
recall       1.000000    0.995935    0.943089  0.979675     0.979675   
f1-score     0.970414    0.997963    0.970711  0.979675     0.979696   
support    492.000000  492.000000  492.000000  0.979675  1476.000000   

           weighted avg  
precision      0.980843  
recall         0.979675  
f1-score       0.979696  
support     1476.000000  
---------------------------------
Confusion Matrix:
[[492   0   0]
 [  2 490   0]
 [ 28   0 464]]

INFO: 2025-04-23 20:24:48,858: Random Forest Model with Grid Search Saved in Pickle
INFO: 2025-04-24 13:08:45,679: Feature Selection
INFO: 2025-04-24 13:08:46,823: Features ['age', 'TSH', 'TT4', 'FTI', 'on_thyroxine', 'pregnant', 'hypopituitary', 'psych', 'TT4_measured', 'referral_source']
INFO: 2025-04-24 13:08:49,295: Traininig Random Forest Model
INFO: 2025-04-24 13:08:49,350: Train Result:
===============
Accuracy Score:99.80%
---------------------------------
Classification Report:
                     0            1            2       3  accuracy  \
precision     0.993421     1.000000     0.998474     1.0  0.997962   
recall        1.000000     0.991849     1.000000     1.0  0.997962   
f1-score      0.996700     0.995908     0.999236     1.0  0.997962   
support    1963.000000  1963.000000  1963.000000  1963.0  0.997962   

             macro avg  weighted avg  
precision     0.997974      0.997974  
recall        0.997962      0.997962  
f1-score      0.997961      0.997961  
support    7852.000000   7852.000000  
-----------------------------------
Confusion Matrix:
[[1963    0    0    0]
 [  13 1947    3    0]
 [   0    0 1963    0]
 [   0    0    0 1963]]

INFO: 2025-04-24 13:08:49,398: Test Result:
===============
Accuracy Score:97.22%
---------------------------------
Classification Report:
                    0           1           2    3  accuracy    macro avg  \
precision    0.924812    1.000000    1.000000  0.0  0.972222     0.731203   
recall       1.000000    0.981707    0.934959  0.0  0.972222     0.729167   
f1-score     0.960938    0.990769    0.966387  0.0  0.972222     0.729523   
support    492.000000  492.000000  492.000000  0.0  0.972222  1476.000000   

           weighted avg  
precision      0.974937  
recall         0.972222  
f1-score       0.972698  
support     1476.000000  
---------------------------------
Confusion Matrix:
[[492   0   0   0]
 [  8 483   0   1]
 [ 32   0 460   0]
 [  0   0   0   0]]

INFO: 2025-04-24 13:08:52,080: Train Result:
===============
Accuracy Score:100.00%
---------------------------------
Classification Report:
                0       1       2       3  accuracy  macro avg  weighted avg
precision     1.0     1.0     1.0     1.0       1.0        1.0           1.0
recall        1.0     1.0     1.0     1.0       1.0        1.0           1.0
f1-score      1.0     1.0     1.0     1.0       1.0        1.0           1.0
support    1963.0  1963.0  1963.0  1963.0       1.0     7852.0        7852.0
-----------------------------------
Confusion Matrix:
[[1963    0    0    0]
 [   0 1963    0    0]
 [   0    0 1963    0]
 [   0    0    0 1963]]

INFO: 2025-04-24 13:08:52,112: Test Result:
===============
Accuracy Score:98.37%
---------------------------------
Classification Report:
                    0           1           2  accuracy    macro avg  \
precision    0.953488    1.000000    1.000000   0.98374     0.984496   
recall       1.000000    0.995935    0.955285   0.98374     0.983740   
f1-score     0.976190    0.997963    0.977131   0.98374     0.983762   
support    492.000000  492.000000  492.000000   0.98374  1476.000000   

           weighted avg  
precision      0.984496  
recall         0.983740  
f1-score       0.983762  
support     1476.000000  
---------------------------------
Confusion Matrix:
[[492   0   0]
 [  2 490   0]
 [ 22   0 470]]

INFO: 2025-04-24 13:15:52,153: Use Randomized Search CV
INFO: 2025-04-24 13:16:17,550: RandomForestClassifier(criterion='entropy', max_depth=560, min_samples_split=9,
                       n_estimators=400)
INFO: 2025-04-24 13:16:19,305: Result with best estimetors
INFO: 2025-04-24 13:16:19,456: Test Result:
===============
Accuracy Score:97.97%
---------------------------------
Classification Report:
                    0           1           2  accuracy    macro avg  \
precision    0.942529    1.000000    1.000000  0.979675     0.980843   
recall       1.000000    0.995935    0.943089  0.979675     0.979675   
f1-score     0.970414    0.997963    0.970711  0.979675     0.979696   
support    492.000000  492.000000  492.000000  0.979675  1476.000000   

           weighted avg  
precision      0.980843  
recall         0.979675  
f1-score       0.979696  
support     1476.000000  
---------------------------------
Confusion Matrix:
[[492   0   0]
 [  2 490   0]
 [ 28   0 464]]

INFO: 2025-04-24 13:16:21,509: Parameter Grid: {'criterion': ['entropy'], 'max_depth': [560], 'max_features': ['sqrt'], 'min_samples_leaf': [1, 3, 5], 'min_samples_split': [7, 8, 9, 10, 11], 'n_estimators': [200, 300, 400, 500, 600]}
INFO: 2025-04-24 14:00:19,713: Grid Search CV: 
INFO: 2025-04-24 14:00:19,747: Best Grid: RandomForestClassifier(criterion='entropy', max_depth=560, min_samples_split=7,
                       n_estimators=400)
INFO: 2025-04-24 14:20:54,030: Result with Best Grid: 
INFO: 2025-04-24 14:20:54,170: Test Result:
===============
Accuracy Score:97.97%
---------------------------------
Classification Report:
                    0           1           2  accuracy    macro avg  \
precision    0.942529    1.000000    1.000000  0.979675     0.980843   
recall       1.000000    0.995935    0.943089  0.979675     0.979675   
f1-score     0.970414    0.997963    0.970711  0.979675     0.979696   
support    492.000000  492.000000  492.000000  0.979675  1476.000000   

           weighted avg  
precision      0.980843  
recall         0.979675  
f1-score       0.979696  
support     1476.000000  
---------------------------------
Confusion Matrix:
[[492   0   0]
 [  2 490   0]
 [ 28   0 464]]

INFO: 2025-04-24 14:20:55,450: Random Forest Model with Grid Search Saved in Pickle
INFO: 2025-04-28 16:18:18,080: Feature Selection
INFO: 2025-04-28 16:18:19,294: Features ['age', 'TSH', 'TT4', 'FTI', 'on_thyroxine', 'query_on_thyroxine', 'hypopituitary', 'TSH_measured', 'T3_measured', 'TBG_measured']
INFO: 2025-04-28 16:18:21,650: Traininig Random Forest Model
INFO: 2025-04-28 16:18:21,876: Train Result:
===============
Accuracy Score:99.83%
---------------------------------
Classification Report:
                     0            1            2       3  accuracy  \
precision     0.995434     1.000000     0.997966     1.0  0.998344   
recall        0.999491     0.993887     1.000000     1.0  0.998344   
f1-score      0.997458     0.996934     0.998982     1.0  0.998344   
support    1963.000000  1963.000000  1963.000000  1963.0  0.998344   

             macro avg  weighted avg  
precision     0.998350      0.998350  
recall        0.998344      0.998344  
f1-score      0.998344      0.998344  
support    7852.000000   7852.000000  
-----------------------------------
Confusion Matrix:
[[1962    0    1    0]
 [   9 1951    3    0]
 [   0    0 1963    0]
 [   0    0    0 1963]]

INFO: 2025-04-28 16:18:21,935: Test Result:
===============
Accuracy Score:97.83%
---------------------------------
Classification Report:
                    0           1           2    3  accuracy    macro avg  \
precision    0.940727    1.000000    1.000000  0.0   0.97832     0.735182   
recall       1.000000    0.993902    0.941057  0.0   0.97832     0.733740   
f1-score     0.969458    0.996942    0.969634  0.0   0.97832     0.734008   
support    492.000000  492.000000  492.000000  0.0   0.97832  1476.000000   

           weighted avg  
precision      0.980242  
recall         0.978320  
f1-score       0.978678  
support     1476.000000  
---------------------------------
Confusion Matrix:
[[492   0   0   0]
 [  2 489   0   1]
 [ 29   0 463   0]
 [  0   0   0   0]]

INFO: 2025-04-28 16:18:23,856: Train Result:
===============
Accuracy Score:99.99%
---------------------------------
Classification Report:
                     0            1       2       3  accuracy    macro avg  \
precision     0.999491     1.000000     1.0     1.0  0.999873     0.999873   
recall        1.000000     0.999491     1.0     1.0  0.999873     0.999873   
f1-score      0.999745     0.999745     1.0     1.0  0.999873     0.999873   
support    1963.000000  1963.000000  1963.0  1963.0  0.999873  7852.000000   

           weighted avg  
precision      0.999873  
recall         0.999873  
f1-score       0.999873  
support     7852.000000  
-----------------------------------
Confusion Matrix:
[[1963    0    0    0]
 [   1 1962    0    0]
 [   0    0 1963    0]
 [   0    0    0 1963]]

INFO: 2025-04-28 16:18:23,898: Test Result:
===============
Accuracy Score:98.10%
---------------------------------
Classification Report:
                    0           1           2  accuracy    macro avg  \
precision    0.946154    1.000000    1.000000   0.98103     0.982051   
recall       1.000000    0.995935    0.947154   0.98103     0.981030   
f1-score     0.972332    0.997963    0.972860   0.98103     0.981052   
support    492.000000  492.000000  492.000000   0.98103  1476.000000   

           weighted avg  
precision      0.982051  
recall         0.981030  
f1-score       0.981052  
support     1476.000000  
---------------------------------
Confusion Matrix:
[[492   0   0]
 [  2 490   0]
 [ 26   0 466]]

INFO: 2025-04-28 16:25:04,442: Use Randomized Search CV
INFO: 2025-04-28 16:25:48,266: RandomForestClassifier(max_depth=230, min_samples_split=4, n_estimators=600)
INFO: 2025-04-28 16:25:55,464: Result with best estimetors
INFO: 2025-04-28 16:25:55,571: Test Result:
===============
Accuracy Score:98.10%
---------------------------------
Classification Report:
                    0           1           2  accuracy    macro avg  \
precision    0.946154    1.000000    1.000000   0.98103     0.982051   
recall       1.000000    0.995935    0.947154   0.98103     0.981030   
f1-score     0.972332    0.997963    0.972860   0.98103     0.981052   
support    492.000000  492.000000  492.000000   0.98103  1476.000000   

           weighted avg  
precision      0.982051  
recall         0.981030  
f1-score       0.981052  
support     1476.000000  
---------------------------------
Confusion Matrix:
[[492   0   0]
 [  2 490   0]
 [ 26   0 466]]

INFO: 2025-04-28 16:25:58,153: Parameter Grid: {'criterion': ['gini'], 'max_depth': [230], 'max_features': ['sqrt'], 'min_samples_leaf': [1, 3, 5], 'min_samples_split': [2, 3, 4, 5, 6], 'n_estimators': [400, 500, 600, 700, 800]}
INFO: 2025-04-28 17:11:58,049: Grid Search CV: 
INFO: 2025-04-28 19:56:07,181: Best Grid: RandomForestClassifier(max_depth=230, min_samples_split=5, n_estimators=500)
INFO: 2025-04-28 19:56:09,213: Result with Best Grid: 
INFO: 2025-04-28 19:56:09,311: Test Result:
===============
Accuracy Score:98.04%
---------------------------------
Classification Report:
                    0           1           2  accuracy    macro avg  \
precision    0.944338    1.000000    1.000000  0.980352     0.981446   
recall       1.000000    0.995935    0.945122  0.980352     0.980352   
f1-score     0.971372    0.997963    0.971787  0.980352     0.980374   
support    492.000000  492.000000  492.000000  0.980352  1476.000000   

           weighted avg  
precision      0.981446  
recall         0.980352  
f1-score       0.980374  
support     1476.000000  
---------------------------------
Confusion Matrix:
[[492   0   0]
 [  2 490   0]
 [ 27   0 465]]

INFO: 2025-04-28 19:56:10,671: Random Forest Model with Grid Search Saved in Pickle
INFO: 2025-04-28 20:02:28,454: Random Forest Model with Grid Search Saved in Pickle
INFO: 2025-04-28 21:25:38,634: Random Forest Model with Grid Search Saved in Pickle
INFO: 2025-04-28 21:33:10,035: Result with Best Grid: 
INFO: 2025-04-28 21:33:10,142: Test Result:
===============
Accuracy Score:98.04%
---------------------------------
Classification Report:
                    0           1           2  accuracy    macro avg  \
precision    0.944338    1.000000    1.000000  0.980352     0.981446   
recall       1.000000    0.995935    0.945122  0.980352     0.980352   
f1-score     0.971372    0.997963    0.971787  0.980352     0.980374   
support    492.000000  492.000000  492.000000  0.980352  1476.000000   

           weighted avg  
precision      0.981446  
recall         0.980352  
f1-score       0.980374  
support     1476.000000  
---------------------------------
Confusion Matrix:
[[492   0   0]
 [  2 490   0]
 [ 27   0 465]]

